\BOOKMARK [0][-]{chapter*.2}{Agradecimientos}{}% 1
\BOOKMARK [0][-]{chapter*.3}{Resumen}{}% 2
\BOOKMARK [0][-]{chapter*.4}{Lista de figuras}{}% 3
\BOOKMARK [0][-]{chapter*.5}{Lista de cuadros}{}% 4
\BOOKMARK [0][-]{chapter*.6}{Parte I: Introducci\363n}{}% 5
\BOOKMARK [0][-]{chapter.1}{Introducci\363n}{}% 6
\BOOKMARK [1][-]{section.1.1}{secci\363n1}{chapter.1}% 7
\BOOKMARK [2][-]{subsection.1.1.1}{subsecci\363n1}{section.1.1}% 8
\BOOKMARK [3][-]{subsubsection.1.1.1.1}{subsubsecci\363n1}{subsection.1.1.1}% 9
\BOOKMARK [0][-]{chapter.2}{Ruby}{}% 10
\BOOKMARK [1][-]{section.2.1}{Introducci\363n}{chapter.2}% 11
\BOOKMARK [1][-]{section.2.2}{Historia}{chapter.2}% 12
\BOOKMARK [2][-]{subsection.2.2.1}{Concepto Inicial}{section.2.2}% 13
\BOOKMARK [2][-]{subsection.2.2.2}{El nombre: Ruby}{section.2.2}% 14
\BOOKMARK [2][-]{subsection.2.2.3}{Primera publicaci\363n}{section.2.2}% 15
\BOOKMARK [2][-]{subsection.2.2.4}{Primeras versiones}{section.2.2}% 16
\BOOKMARK [2][-]{subsection.2.2.5}{Ruby 1.8}{section.2.2}% 17
\BOOKMARK [2][-]{subsection.2.2.6}{Ruby 1.9}{section.2.2}% 18
\BOOKMARK [2][-]{subsection.2.2.7}{Ruby 2.0}{section.2.2}% 19
\BOOKMARK [2][-]{subsection.2.2.8}{Ruby 2.1}{section.2.2}% 20
\BOOKMARK [2][-]{subsection.2.2.9}{Ruby 2.2}{section.2.2}% 21
\BOOKMARK [2][-]{subsection.2.2.10}{Ruby 2.3}{section.2.2}% 22
\BOOKMARK [1][-]{section.2.3}{Filosof\355a de Ruby}{chapter.2}% 23
\BOOKMARK [1][-]{section.2.4}{Ruby.new}{chapter.2}% 24
\BOOKMARK [2][-]{subsection.2.4.1}{Ruby es un lenguaje Orientado a Objetos}{section.2.4}% 25
\BOOKMARK [2][-]{subsection.2.4.2}{Arrays and Hashes}{section.2.4}% 26
\BOOKMARK [2][-]{subsection.2.4.3}{Estructuras de control}{section.2.4}% 27
\BOOKMARK [2][-]{subsection.2.4.4}{Expresiones regulares}{section.2.4}% 28
\BOOKMARK [2][-]{subsection.2.4.5}{Bloques y Iteradores}{section.2.4}% 29
\BOOKMARK [1][-]{section.2.5}{Clases, Objetos y Variables}{chapter.2}% 30
\BOOKMARK [2][-]{subsection.2.5.1}{Herencia y mensajes}{section.2.5}% 31
\BOOKMARK [3][-]{subsubsection.2.5.1.1}{Herencia m\372ltiple}{subsection.2.5.1}% 32
\BOOKMARK [2][-]{subsection.2.5.2}{Atributos}{section.2.5}% 33
\BOOKMARK [3][-]{subsubsection.2.5.2.1}{Atributos modificables}{subsection.2.5.2}% 34
\BOOKMARK [3][-]{subsubsection.2.5.2.2}{Atributos virtuales}{subsection.2.5.2}% 35
\BOOKMARK [2][-]{subsection.2.5.3}{Variables de clase y m\351todos de clase}{section.2.5}% 36
\BOOKMARK [3][-]{subsubsection.2.5.3.1}{Variables de clase}{subsection.2.5.3}% 37
\BOOKMARK [3][-]{subsubsection.2.5.3.2}{M\351todos de clase}{subsection.2.5.3}% 38
\BOOKMARK [3][-]{subsubsection.2.5.3.3}{Singletons y otros constructores}{subsection.2.5.3}% 39
\BOOKMARK [2][-]{subsection.2.5.4}{Control de Acceso}{section.2.5}% 40
\BOOKMARK [3][-]{subsubsection.2.5.4.1}{Especificando el control de acceso}{subsection.2.5.4}% 41
\BOOKMARK [2][-]{subsection.2.5.5}{Variables}{section.2.5}% 42
\BOOKMARK [1][-]{section.2.6}{Containers, Bloques e Iteradores}{chapter.2}% 43
\BOOKMARK [2][-]{subsection.2.6.1}{Containers}{section.2.6}% 44
\BOOKMARK [3][-]{subsubsection.2.6.1.1}{Arrays}{subsection.2.6.1}% 45
\BOOKMARK [3][-]{subsubsection.2.6.1.2}{Hashes}{subsection.2.6.1}% 46
\BOOKMARK [2][-]{subsection.2.6.2}{Bloques e iteradores}{section.2.6}% 47
\BOOKMARK [3][-]{subsubsection.2.6.2.1}{Bloques para transacciones}{subsection.2.6.2}% 48
\BOOKMARK [1][-]{section.2.7}{Tipos b\341sicos}{chapter.2}% 49
\BOOKMARK [2][-]{subsection.2.7.1}{N\372meros}{section.2.7}% 50
\BOOKMARK [2][-]{subsection.2.7.2}{Strings}{section.2.7}% 51
\BOOKMARK [2][-]{subsection.2.7.3}{Rangos}{section.2.7}% 52
\BOOKMARK [3][-]{subsubsection.2.7.3.1}{Rangos como secuencias}{subsection.2.7.3}% 53
\BOOKMARK [3][-]{subsubsection.2.7.3.2}{Rangos como condiciones}{subsection.2.7.3}% 54
\BOOKMARK [3][-]{subsubsection.2.7.3.3}{Rangos como intervalos}{subsection.2.7.3}% 55
\BOOKMARK [2][-]{subsection.2.7.4}{Expresiones regulares}{section.2.7}% 56
\BOOKMARK [3][-]{subsubsection.2.7.4.1}{Patrones}{subsection.2.7.4}% 57
\BOOKMARK [3][-]{subsubsection.2.7.4.2}{Anchors}{subsection.2.7.4}% 58
\BOOKMARK [3][-]{subsubsection.2.7.4.3}{Clases de caracteres}{subsection.2.7.4}% 59
\BOOKMARK [1][-]{section.2.8}{M\351todos}{chapter.2}% 60
\BOOKMARK [2][-]{subsection.2.8.1}{Definiendo un m\351todo}{section.2.8}% 61
\BOOKMARK [2][-]{subsection.2.8.2}{Invocaci\363n del m\351todo}{section.2.8}% 62
\BOOKMARK [1][-]{section.2.9}{Expresiones}{chapter.2}% 63
\BOOKMARK [2][-]{subsection.2.9.1}{Operadores}{section.2.9}% 64
\BOOKMARK [2][-]{subsection.2.9.2}{Otras expresiones}{section.2.9}% 65
\BOOKMARK [3][-]{subsubsection.2.9.2.1}{Comandos}{subsection.2.9.2}% 66
\BOOKMARK [2][-]{subsection.2.9.3}{Asignaci\363n}{section.2.9}% 67
\BOOKMARK [3][-]{subsubsection.2.9.3.1}{Asignaci\363n paralela}{subsection.2.9.3}% 68
\BOOKMARK [3][-]{subsubsection.2.9.3.2}{Asignaciones anidadas}{subsection.2.9.3}% 69
\BOOKMARK [2][-]{subsection.2.9.4}{Ejecuci\363n condicional}{section.2.9}% 70
\BOOKMARK [3][-]{subsubsection.2.9.4.1}{Expresiones booleanas}{subsection.2.9.4}% 71
\BOOKMARK [3][-]{subsubsection.2.9.4.2}{Operadores booleanos}{subsection.2.9.4}% 72
\BOOKMARK [3][-]{subsubsection.2.9.4.3}{Expresiones If y Unless}{subsection.2.9.4}% 73
\BOOKMARK [2][-]{subsection.2.9.5}{Expresi\363n Case}{section.2.9}% 74
\BOOKMARK [2][-]{subsection.2.9.6}{Bucles}{section.2.9}% 75
\BOOKMARK [3][-]{subsubsection.2.9.6.1}{Iteradores}{subsection.2.9.6}% 76
\BOOKMARK [3][-]{subsubsection.2.9.6.2}{For ... In}{subsection.2.9.6}% 77
\BOOKMARK [3][-]{subsubsection.2.9.6.3}{Break, Redo, Next}{subsection.2.9.6}% 78
\BOOKMARK [3][-]{subsubsection.2.9.6.4}{Retry}{subsection.2.9.6}% 79
\BOOKMARK [0][-]{chapter.3}{Rails}{}% 80
\BOOKMARK [1][-]{section.3.1}{Introducci\363n}{chapter.3}% 81
\BOOKMARK [1][-]{section.3.2}{Historia}{chapter.3}% 82
\BOOKMARK [1][-]{section.3.3}{Descripci\363n t\351cnica general}{chapter.3}% 83
\BOOKMARK [1][-]{section.3.4}{Filosof\355a y dise\361o}{chapter.3}% 84
\BOOKMARK [1][-]{section.3.5}{Creando un nuevo proyecto de Rails}{chapter.3}% 85
\BOOKMARK [2][-]{subsection.3.5.1}{Instalando Rails}{section.3.5}% 86
\BOOKMARK [3][-]{subsubsection.3.5.1.1}{Instalando Ruby}{subsection.3.5.1}% 87
\BOOKMARK [3][-]{subsubsection.3.5.1.2}{Instalando Rails}{subsection.3.5.1}% 88
\BOOKMARK [3][-]{subsubsection.3.5.1.3}{Configurando PostgreSQL}{subsection.3.5.1}% 89
\BOOKMARK [3][-]{subsubsection.3.5.1.4}{Pasos finales}{subsection.3.5.1}% 90
\BOOKMARK [2][-]{subsection.3.5.2}{Creando la primera aplicaci\363n}{section.3.5}% 91
\BOOKMARK [1][-]{section.3.6}{Ejecutando Rails}{chapter.3}% 92
\BOOKMARK [2][-]{subsection.3.6.1}{Arrancando el servidor Web}{section.3.6}% 93
\BOOKMARK [1][-]{section.3.7}{Modelos}{chapter.3}% 94
\BOOKMARK [2][-]{subsection.3.7.1}{Active Record}{section.3.7}% 95
\BOOKMARK [2][-]{subsection.3.7.2}{Convenci\363n sobre configuraci\363n en Active Record}{section.3.7}% 96
\BOOKMARK [2][-]{subsection.3.7.3}{Creando modelos Active Record}{section.3.7}% 97
\BOOKMARK [2][-]{subsection.3.7.4}{CRUD}{section.3.7}% 98
\BOOKMARK [3][-]{subsubsection.3.7.4.1}{Create}{subsection.3.7.4}% 99
\BOOKMARK [3][-]{subsubsection.3.7.4.2}{Read}{subsection.3.7.4}% 100
\BOOKMARK [3][-]{subsubsection.3.7.4.3}{Update}{subsection.3.7.4}% 101
\BOOKMARK [3][-]{subsubsection.3.7.4.4}{Delete}{subsection.3.7.4}% 102
\BOOKMARK [2][-]{subsection.3.7.5}{Migraciones de la base de datos}{section.3.7}% 103
\BOOKMARK [3][-]{subsubsection.3.7.5.1}{Creando una migraci\363n simple}{subsection.3.7.5}% 104
\BOOKMARK [3][-]{subsubsection.3.7.5.2}{Sintaxis de las migraciones}{subsection.3.7.5}% 105
\BOOKMARK [3][-]{subsubsection.3.7.5.3}{Ejecuci\363n de migraciones}{subsection.3.7.5}% 106
\BOOKMARK [2][-]{subsection.3.7.6}{Validaciones}{section.3.7}% 107
\BOOKMARK [3][-]{subsubsection.3.7.6.1}{Introducci\363n}{subsection.3.7.6}% 108
\BOOKMARK [3][-]{subsubsection.3.7.6.2}{Procedimientos de validaci\363n}{subsection.3.7.6}% 109
\BOOKMARK [3][-]{subsubsection.3.7.6.3}{Opciones de validaci\363n}{subsection.3.7.6}% 110
\BOOKMARK [3][-]{subsubsection.3.7.6.4}{Validaci\363n condicional}{subsection.3.7.6}% 111
\BOOKMARK [3][-]{subsubsection.3.7.6.5}{Validaciones personalizadas}{subsection.3.7.6}% 112
\BOOKMARK [2][-]{subsection.3.7.7}{Callbacks}{section.3.7}% 113
\BOOKMARK [2][-]{subsection.3.7.8}{Asociaciones de Active Record}{section.3.7}% 114
\BOOKMARK [3][-]{subsubsection.3.7.8.1}{Tipos de asociaciones}{subsection.3.7.8}% 115
\BOOKMARK [2][-]{subsection.3.7.9}{Interfaz de consultas}{section.3.7}% 116
\BOOKMARK [3][-]{subsubsection.3.7.9.1}{Recuperaci\363n de objetos}{subsection.3.7.9}% 117
\BOOKMARK [3][-]{subsubsection.3.7.9.2}{Condiciones}{subsection.3.7.9}% 118
\BOOKMARK [3][-]{subsubsection.3.7.9.3}{Ordenaci\363n}{subsection.3.7.9}% 119
\BOOKMARK [3][-]{subsubsection.3.7.9.4}{Selecci\363n}{subsection.3.7.9}% 120
\BOOKMARK [3][-]{subsubsection.3.7.9.5}{Limit y Offset}{subsection.3.7.9}% 121
\BOOKMARK [3][-]{subsubsection.3.7.9.6}{Agrupaci\363n}{subsection.3.7.9}% 122
\BOOKMARK [3][-]{subsubsection.3.7.9.7}{Join}{subsection.3.7.9}% 123
\BOOKMARK [3][-]{subsubsection.3.7.9.8}{Scopes}{subsection.3.7.9}% 124
\BOOKMARK [1][-]{section.3.8}{Vistas}{chapter.3}% 125
\BOOKMARK [2][-]{subsection.3.8.1}{Plantillas, parciales y layouts}{section.3.8}% 126
\BOOKMARK [3][-]{subsubsection.3.8.1.1}{Plantillas}{subsection.3.8.1}% 127
\BOOKMARK [3][-]{subsubsection.3.8.1.2}{Parciales}{subsection.3.8.1}% 128
\BOOKMARK [3][-]{subsubsection.3.8.1.3}{Layouts y layouts parciales}{subsection.3.8.1}% 129
\BOOKMARK [1][-]{section.3.9}{Controladores}{chapter.3}% 130
\BOOKMARK [2][-]{subsection.3.9.1}{Action Controller}{section.3.9}% 131
\BOOKMARK [3][-]{subsubsection.3.9.1.1}{M\351todos y acciones}{subsection.3.9.1}% 132
\BOOKMARK [3][-]{subsubsection.3.9.1.2}{Par\341metros}{subsection.3.9.1}% 133
\BOOKMARK [3][-]{subsubsection.3.9.1.3}{Sesiones}{subsection.3.9.1}% 134
\BOOKMARK [3][-]{subsubsection.3.9.1.4}{Filtros}{subsection.3.9.1}% 135
\BOOKMARK [2][-]{subsection.3.9.2}{Enrutamiento en Rails}{section.3.9}% 136
\BOOKMARK [2][-]{subsection.3.9.3}{Enrutamiento con recursos}{section.3.9}% 137
\BOOKMARK [3][-]{subsubsection.3.9.3.1}{Recursos en la Web}{subsection.3.9.3}% 138
\BOOKMARK [3][-]{subsubsection.3.9.3.2}{CRUD, verbos y acciones}{subsection.3.9.3}% 139
\BOOKMARK [3][-]{subsubsection.3.9.3.3}{Namespaces}{subsection.3.9.3}% 140
\BOOKMARK [3][-]{subsubsection.3.9.3.4}{Recursos anidados}{subsection.3.9.3}% 141
\BOOKMARK [0][-]{lstnumber.-280.3}{Parte II: Desarrollo de la aplicaci\363n}{}% 142
\BOOKMARK [0][-]{chapter.4}{An\341lisis del sistema}{}% 143
\BOOKMARK [1][-]{section.4.1}{Introducci\363n}{chapter.4}% 144
\BOOKMARK [1][-]{section.4.2}{Requisitos del sistema}{chapter.4}% 145
\BOOKMARK [2][-]{subsection.4.2.1}{Requisitos de interfaces de usuario}{section.4.2}% 146
\BOOKMARK [2][-]{subsection.4.2.2}{Requisitos funcionales}{section.4.2}% 147
\BOOKMARK [2][-]{subsection.4.2.3}{Requisitos de validaci\363n y verificaci\363n}{section.4.2}% 148
\BOOKMARK [2][-]{subsection.4.2.4}{Mantenimiento de la aplicaci\363n}{section.4.2}% 149
\BOOKMARK [2][-]{subsection.4.2.5}{Otros requisitos de la aplicaci\363n}{section.4.2}% 150
\BOOKMARK [0][-]{chapter.5}{Conclusi\363n}{}% 151
\BOOKMARK [0][-]{appendix.Alph1}{M\341s cosas}{}% 152
\BOOKMARK [0][-]{appendix.Alph2}{Y m\341s cosas a\372n}{}% 153
\BOOKMARK [0][-]{appendix.Alph2}{Bibliograf\355a}{}% 154
